         w __deregister_frame_info
         w __gnu_Unwind_Find_exidx
         w __register_frame_info
         w pthread_cancel
         w pthread_getspecific
         w pthread_key_create
         w pthread_key_delete
         w pthread_mutex_lock
         w pthread_mutex_unlock
         w pthread_setspecific
         w userAppExit
         w userAppInit
00000000 b _TLS_MODULE_BASE_
00000000 00000802 B __ctru_dev_utf16_buf
00000000 A __sync_synchronize
00000000 a shift
00000000 a shift
00000804 00000401 B __ctru_dev_path_buf
00100000 A __start__
00100000 T _start
00100008 T __service_ptr
0010000c T __apt_appid
00100010 T __heap_size
00100014 T __linear_heap_size
00100018 T __system_arglist
0010001c T __system_runflags
00100020 t startup
00100058 t ClearMem
0010006c t ClrLoop
00100094 T _init
001000ac T __aeabi_idiv
001000ac 00000220 T __divsi3
001000b4 t .divsi3_skip_div0_test
001002cc 00000020 T __aeabi_idivmod
001002ec 00000004 W __aeabi_idiv0
001002ec 00000004 W __aeabi_ldiv0
001002f0 T __aeabi_uldivmod
0010032c 00000014 T __restore_core_regs
0010032c 00000014 T restore_core_regs
00100340 T __gnu_Unwind_Restore_VFP
00100348 T __gnu_Unwind_Save_VFP
00100350 T __gnu_Unwind_Restore_VFP_D
00100358 T __gnu_Unwind_Save_VFP_D
00100360 T __gnu_Unwind_Restore_VFP_D_16_to_31
00100368 T __gnu_Unwind_Save_VFP_D_16_to_31
00100370 T __gnu_Unwind_Restore_WMMXD
001003b4 T __gnu_Unwind_Save_WMMXD
001003f8 T __gnu_Unwind_Restore_WMMXC
0010040c T __gnu_Unwind_Save_WMMXC
00100420 00000024 T _Unwind_RaiseException
00100420 00000024 T ___Unwind_RaiseException
00100444 00000024 T _Unwind_Resume
00100444 00000024 T ___Unwind_Resume
00100468 00000024 T _Unwind_Resume_or_Rethrow
00100468 00000024 T ___Unwind_Resume_or_Rethrow
0010048c 00000024 T _Unwind_ForcedUnwind
0010048c 00000024 T ___Unwind_ForcedUnwind
001004b0 00000024 T _Unwind_Backtrace
001004b0 00000024 T ___Unwind_Backtrace
001004e8 00000390 T strcmp
00100870 t .udivsi3_skip_div0_test
00100870 T __aeabi_uidiv
00100870 000001ec T __udivsi3
00100a5c 00000020 T __aeabi_uidivmod
00100a7c t __do_global_dtors_aux
00100acc t frame_dummy
00100af8 00000094 t void std::__cxx11::basic_string<char, std::char_traits<char>, std::allocator<char> >::_M_construct<char const*>(char const*, char const*, std::forward_iterator_tag) [clone .isra.0]
00100b8c 00000150 T print_files(std::vector<dirent, std::allocator<dirent> >, unsigned int)
00100ce0 000000a0 T fill_buffer(void*, unsigned int, unsigned int, int)
00100d80 000000d4 W void std::vector<dirent, std::allocator<dirent> >::_M_realloc_append<dirent const&>(dirent const&)
00100e54 000000ac T get_files(char const*)
00100f00 000005e4 T main
001014e4 00000024 t addrMapNodeComparator(rbtree_node const*, rbtree_node const*)
00101508 00000004 t addrMapNodeDestructor(rbtree_node*)
0010150c 0000012c T linearMemAlign
00101638 00000008 T linearAlloc
00101640 0000005c T linearFree
0010169c 00000088 T MemPool::CoalesceRight(MemBlock*)
00101724 00000178 T MemPool::Allocate(MemChunk&, unsigned long, int)
0010189c 00000118 T MemPool::Deallocate(MemChunk const&)
001019b4 00000030 T MemPool::GetFreeSpace()
001019e4 000001c8 T consoleDrawChar
00101bac 00000170 T consolePrintChar
00101d1c 00000c40 T con_write
0010295c 00000110 t newRow
00102a6c 00000180 T consoleInit
00102bec 000000b8 T consoleClear
00102ca4 000000cc t gfxPresentFramebuffer
00102d70 0000001c T gfxIsWide
00102d8c 000000f8 T gfxSetScreenFormat
00102e84 00000010 T gfxSetDoubleBuffering
00102e94 000000d8 T gfxInit
00102f6c 00000010 T gfxInitDefault
00102f7c 000000b8 T gfxExit
00103034 000000a0 T gfxGetFramebuffer
001030d4 00000100 T gfxFlushBuffers
001031d4 00000050 T gfxSwapBuffers
00103224 00000050 T gfxSwapBuffersGpu
00103274 00000158 t ndspUpdateMaster
001033d0 00000108 t ndspFinalize
001034d8 00000254 t ndspInitialize.part.0
0010372c 00000108 t ndspHookCallback
00103838 00000318 t ndspThreadMain
00103b50 000003f0 T ndspInit
00103f40 000000d8 T ndspExit
00104018 00000034 T ndspSetOutputMode
0010404c 000000e0 T ndspChnReset
0010412c 00000018 T ndspChnSetFormat
00104144 00000050 T ndspChnSetInterp
00104194 00000060 T ndspChnSetRate
001041f4 00000080 T ndspChnSetMix
00104274 000000c8 T ndspChnWaveBufAdd
0010433c 00000040 T ndspiInitChn
0010437c 0000002c T ndspiDirtyChn
001043a8 0000043c T ndspiUpdateChn
001047e4 00000180 T ndspiReadChnState
00104964 00000180 t aptConvertScreenForCapture
00104ae4 00000138 T aptSendCommand
00104c20 00000044 t aptExitProcess
00104c64 00000394 T aptExit
00104ff8 000000d8 T aptHandleSleep
001050d0 00000084 T APT_SleepIfShellClosed
00105154 00000078 T aptSetSleepAllowed
001051cc 00000084 T APT_UnlockTransition
00105250 00000470 t aptEventHandler
001056c0 000000bc T APT_ReceiveParameter
0010577c 000000b0 t aptReceiveParameter.constprop.0
00105830 00000294 t aptScreenTransfer
00105ac4 000002d0 t aptWaitForWakeUp.isra.0
00105d94 000000f4 T aptJumpToHomeMenu
00105e88 00000058 T aptMainLoop
00105ee0 00000240 T aptInit
00106120 00000090 T APT_CheckNew3DS
001061b0 000000a8 T cfguInit
00106258 0000003c T cfguExit
00106294 0000004c T CFGU_GetConfigInfoBlk2
001062e0 000000a4 t DSP_LoadComponent.part.0
00106384 000000fc T dspInit
00106480 0000008c T dspExit
0010650c 00000024 T dspHook
00106530 00000030 T dspUnhook
00106560 000000b4 T aptDspSleep
00106614 000000b4 T aptDspWakeup
001066c8 00000044 T aptDspCancel
0010670c 00000050 T DSP_FlushDataCache
0010675c 00000034 T DSP_SetSemaphore
00106790 00000034 T DSP_SetSemaphoreMask
001067c4 00000038 T DSP_GetSemaphoreHandle
001067fc 0000003c T DSP_LoadComponent
00106838 00000044 T DSP_RegisterInterruptEvents
0010687c 00000078 T DSP_ReadPipeIfPossible
001068f4 0000004c T DSP_WriteProcessPipe
00106940 00000044 T DSP_ConvertProcessAddressFromDspDram
00106984 00000044 T DSP_RecvData
001069c8 00000050 T DSP_RecvDataIsReady
00106a18 00000104 T fsInit
00106b1c 0000003c T fsExit
00106b58 00000068 T fsExemptFromSession
00106bc0 00000050 T fsUnexemptFromSession
00106c10 000000cc T FSUSER_OpenFile
00106cdc 000000cc T FSUSER_OpenFileDirectly
00106da8 000000b8 T FSUSER_DeleteFile
00106e60 000000f4 T FSUSER_RenameFile
00106f54 000000b8 T FSUSER_DeleteDirectory
0010700c 000000d0 T FSUSER_CreateFile
001070dc 000000c0 T FSUSER_CreateDirectory
0010719c 000000f4 T FSUSER_RenameDirectory
00107290 000000b4 T FSUSER_OpenDirectory
00107344 00000090 T FSUSER_OpenArchive
001073d4 0000008c T FSUSER_CloseArchive
00107460 00000074 T FSUSER_GetSdmcArchiveResource
001074d4 00000064 T FSUSER_IsSdmcWritable
00107538 00000064 T FSFILE_Read
0010759c 0000006c T FSFILE_Write
00107608 00000044 T FSFILE_GetSize
0010764c 00000028 T FSFILE_SetSize
00107674 0000003c T FSFILE_Close
001076b0 00000024 T FSFILE_Flush
001076d4 00000060 T FSDIR_Read
00107734 0000003c T FSDIR_Close
00107770 00000c70 t gspHardwareInit
001083e0 00000280 T gspInit
00108660 00000110 T gspExit
00108770 00000010 T gspHasGpuRight
00108780 000000a4 T gspPresentBuffer
00108824 00000050 T gspWaitForEvent
00108874 00000004 W gxCmdQueueInterrupt
00108878 00000154 t gspEventThreadMain
001089cc 00000050 T GSPGPU_FlushDataCache
00108a1c 00000034 T GSPGPU_SetLcdForceBlack
00108a50 00000080 T GSPGPU_AcquireRight
00108ad0 0000005c T GSPGPU_ReleaseRight
00108b2c 0000007c T GSPGPU_ImportDisplayCaptureInfo
00108ba8 0000002c T GSPGPU_SaveVramSysArea
00108bd4 0000002c T GSPGPU_RestoreVramSysArea
00108c00 00000024 W hidShouldUseIrrst
00108c24 000001cc T hidInit
00108df0 000000e8 T hidExit
00108ed8 000002a0 T hidScanInput
00109178 00000010 T hidKeysDown
00109188 000001a4 T irrstInit
0010932c 000000dc T irrstExit
00109408 000000b4 T irrstScanInput
001094bc 00000024 T irrstKeysHeld
001094e0 00000074 T rbtree_find
00109554 00000010 T rbtree_init
00109564 00000198 t do_insert
001096fc 00000008 T rbtree_insert
00109704 00000310 T rbtree_remove
00109a14 00000090 T rbtree_rotate
00109aa8 000001e8 W __system_allocateHeaps
00109c90 00000038 W __libctru_init
00109cc8 0000016c W __system_initArgv
00109e34 00000030 T __syscall_getreent
00109e64 00000004 T __syscall_lock_acquire
00109e68 00000004 T __syscall_lock_release
00109e6c 00000004 T __syscall_lock_acquire_recursive
00109e70 00000004 T __syscall_lock_release_recursive
00109e74 00000004 T __syscall_exit
00109e78 00000054 T initThreadVars
00109ecc 00000080 T __system_initSyscalls
00109f4c T svcControlMemory
00109f6c T svcQueryMemory
00109f9c T svcExitProcess
00109fa4 T svcCreateThread
00109fc4 T svcExitThread
00109fcc T svcSleepThread
00109fd4 T svcReleaseMutex
00109fdc T svcCreateEvent
00109ff0 T svcSignalEvent
00109ff8 T svcClearEvent
0010a000 T svcMapMemoryBlock
0010a008 T svcUnmapMemoryBlock
0010a010 T svcCreateAddressArbiter
0010a024 T svcArbitrateAddressNoTimeout
0010a02c T svcCloseHandle
0010a034 T svcWaitSynchronization
0010a03c T svcWaitSynchronizationN
0010a064 T svcDuplicateHandle
0010a078 T svcConnectToPort
0010a08c T svcSendSyncRequest
0010a094 T svcGetResourceLimit
0010a0a8 T svcGetResourceLimitLimitValues
0010a0b0 T svcGetResourceLimitCurrentValues
0010a0b8 T svcBreak
0010a0c0 W initSystem
0010a110 W __ctru_exit
0010a124 00000024 t addrMapNodeComparator(rbtree_node const*, rbtree_node const*)
0010a148 00000004 t addrMapNodeDestructor(rbtree_node*)
0010a14c 00000248 T vramMemAlignAt
0010a394 0000000c T vramAlloc
0010a3a0 00000094 T vramFree
0010a434 0000008c W envGetHandle
0010a4c0 00000050 W envDestroyHandles
0010a510 00000074 T osConvertVirtToPhys
0010a584 00000034 T __ctru_speedup_config
0010a5b8 00000164 T srvInit
0010a71c 00000064 T srvExit
0010a780 00000060 T srvEnableNotification
0010a7e0 000000a0 T srvGetServiceHandleDirect
0010a880 00000048 T srvGetServiceHandle
0010a8c8 00000034 T srvSubscribe
0010a8fc 00000060 T srvReceiveNotification
0010a95c 00000038 T srvPublishToSubscriber
0010a994 0000000c T __sync_init
0010a9a0 00000018 T __sync_fini
0010a9b8 00000028 T syncArbitrateAddress
0010a9e0 0000001c T LightLock_Init
0010a9fc 000000ac T LightLock_Lock
0010aaa8 00000040 T LightLock_Unlock
0010aae8 00000054 T RecursiveLock_Lock
0010ab3c 00000054 T RecursiveLock_Unlock
0010ab90 00000044 T LightEvent_Init
0010abd4 000000b8 T LightEvent_Clear
0010ac8c 000000dc T LightEvent_Signal
0010ad68 00000050 T LightEvent_TryWait
0010adb8 000000ac T LightEvent_Wait
0010ae64 000001fc T threadCreate
0010b060 00000038 T threadFree
0010b098 00000024 T threadJoin
0010b0bc 00000030 T threadGetCurrent
0010b0ec 00000040 T threadExit
0010b12c 00000020 t _thread_begin
0010b14c 00000090 t mappableFindAddressWithin
0010b1dc 00000028 T mappableInit
0010b204 0000007c T mappableAlloc
0010b280 00000004 T mappableFree
0010b284 00000078 T ptmSysmInit
0010b2fc 0000003c T ptmSysmExit
0010b338 00000034 T PTMSYSM_ConfigureNew3DSCPU
0010b36c 0000000c T srvPmGetSessionHandle
0010b378 00000060 T rbtree_node_next
0010b3d8 00000030 W __appExit
0010b408 00000030 W __appInit
0010b438 00000090 W __libctru_exit
0010b4c8 00000014 t archive_link
0010b4dc 00000014 t archive_dirreset
0010b4f0 00000014 t archive_chmod
0010b504 00000024 t error_cmp
0010b528 00000050 t archive_translate_error
0010b578 000000c0 t archive_seek
0010b638 00000078 t _archiveInit.part.0
0010b6b0 000000d4 t archiveFindDevice.part.0
0010b784 00000298 t archive_utf16path
0010ba1c 00000098 t _archiveUnmountDeviceStruct.part.0
0010bab4 00000014 t archive_statvfs
0010bac8 00000014 t archive_fchmod
0010badc 00000178 t _archiveMountDevice
0010bc54 000000f8 t archive_diropen
0010bd4c 000000ac t archive_fstat
0010bdf8 00000074 t archive_fsync
0010be6c 00000074 t archive_close
0010bee0 00000078 t archive_dirclose
0010bf58 000000ec t sdmc_statvfs
0010c044 000000f8 t archive_chdir
0010c13c 0000008c t archive_ftruncate
0010c1c8 000000bc t archive_read
0010c284 000000a8 t archive_unlink
0010c32c 000000c0 t archive_rmdir
0010c3ec 000000d8 t archive_mkdir
0010c4c4 000001a0 t archive_stat
0010c664 00000164 t archive_dirnext
0010c7c8 0000013c t archive_write
0010c908 00000254 t archive_open
0010cb5c 00000270 t archive_rename
0010cdcc 000001c8 T archiveMountSdmc
0010cf94 00000054 T archiveUnmountAll
0010cfe8 00000140 T decode_utf8
0010d128 000000e8 T utf16_to_utf8
0010d210 000000c0 T utf8_to_utf16
0010d2d0 T __aeabi_read_tp
0010d2dc 00000054 T decode_utf16
0010d330 00000054 T encode_utf16
0010d384 000000e0 T encode_utf8
0010d464 00000004 T operator delete(void*, unsigned int)
0010d468 0000005c T operator new(unsigned int)
0010d4c4 00000040 T std::__throw_logic_error(char const*)
0010d504 00000040 T std::__throw_length_error(char const*)
0010d544 00000040 T std::__throw_out_of_range(char const*)
0010d584 00000010 T std::__throw_out_of_range_fmt(char const*, ...)
0010d594 00000054 W std::__cxx11::basic_string<char, std::char_traits<char>, std::allocator<char> >::_M_create(unsigned int&, unsigned int)
0010d5e8 00000014 W std::__cxx11::basic_string<char, std::char_traits<char>, std::allocator<char> >::_M_dispose()
0010d5fc 00000104 W std::__cxx11::basic_string<char, std::char_traits<char>, std::allocator<char> >::_M_mutate(unsigned int, unsigned int, char const*, unsigned int)
0010d700 00000074 W std::__cxx11::basic_string<char, std::char_traits<char>, std::allocator<char> >::push_back(char)
0010d774 00000140 W std::__cxx11::basic_string<char, std::char_traits<char>, std::allocator<char> >::_M_replace_cold(char*, unsigned int, char const*, unsigned int, unsigned int)
0010d8b4 00000130 W std::__cxx11::basic_string<char, std::char_traits<char>, std::allocator<char> >::_M_replace(unsigned int, unsigned int, char const*, unsigned int)
0010d9e4 00000090 W std::__cxx11::basic_string<char, std::char_traits<char>, std::allocator<char> >::_M_append(char const*, unsigned int)
0010da74 00000040 W std::__cxx11::basic_string<char, std::char_traits<char>, std::allocator<char> >::rfind(char, unsigned int) const
0010dab4 00000094 W void std::__cxx11::basic_string<char, std::char_traits<char>, std::allocator<char> >::_M_construct<char const*>(char const*, char const*, std::forward_iterator_tag)
0010db48 0000005c W std::__cxx11::basic_string<char, std::char_traits<char>, std::allocator<char> >::substr(unsigned int, unsigned int) const
0010dba4 0000000c T std::bad_alloc::what() const
0010dbb0 00000020 T std::bad_alloc::~bad_alloc()
0010dbb0 00000020 T std::bad_alloc::~bad_alloc()
0010dbd0 0000002c T std::bad_alloc::~bad_alloc()
0010dbfc 00000004 T operator delete(void*)
0010dc00 0000000c W __gnu_cxx::__concurrence_lock_error::what() const
0010dc0c 0000000c W __gnu_cxx::__concurrence_unlock_error::what() const
0010dc18 00000020 W __gnu_cxx::__concurrence_lock_error::~__concurrence_lock_error()
0010dc18 00000020 W __gnu_cxx::__concurrence_lock_error::~__concurrence_lock_error()
0010dc38 0000002c W __gnu_cxx::__concurrence_lock_error::~__concurrence_lock_error()
0010dc64 00000020 W __gnu_cxx::__concurrence_unlock_error::~__concurrence_unlock_error()
0010dc64 00000020 W __gnu_cxx::__concurrence_unlock_error::~__concurrence_unlock_error()
0010dc84 0000002c W __gnu_cxx::__concurrence_unlock_error::~__concurrence_unlock_error()
0010dcb0 0000002c W __gnu_cxx::__throw_concurrence_lock_error()
0010dcdc 0000002c W __gnu_cxx::__throw_concurrence_unlock_error()
0010dd08 0000012c t (anonymous namespace)::pool::free(void*) [clone .constprop.0]
0010de34 000000f0 t (anonymous namespace)::pool::allocate(unsigned int) [clone .constprop.0]
0010df24 00000044 T __cxa_allocate_exception
0010df68 00000028 T __cxa_free_exception
0010df90 000001a4 t _GLOBAL__sub_I__ZN9__gnu_cxx9__freeresEv
0010e134 T __cxa_end_cleanup
0010e144 00000138 T __cxa_type_match
0010e27c 000000b4 T __cxa_begin_cleanup
0010e330 000000b4 T __gnu_end_cleanup
0010e3e4 000000e0 T __cxa_begin_catch
0010e4c4 000000e0 T __cxa_end_catch
0010e5a4 00000004 T std::exception::~exception()
0010e5a4 00000004 T std::exception::~exception()
0010e5a8 00000004 T std::bad_exception::~bad_exception()
0010e5a8 00000004 T std::bad_exception::~bad_exception()
0010e5ac 0000000c T transaction clone for std::bad_exception::what() const
0010e5ac 0000000c T std::bad_exception::what() const
0010e5b8 00000020 T std::bad_exception::~bad_exception()
0010e5d8 00000038 t eh_globals_dtor(void*)
0010e610 00000038 T __cxa_get_globals_fast
0010e648 00000090 T __cxa_get_globals
0010e6d8 00000040 t _GLOBAL__sub_I__ZN17__eh_globals_init7_S_initE
0010e718 00000034 t _GLOBAL__sub_D__ZN17__eh_globals_init7_S_initE
0010e74c 00000150 t read_encoded_value_with_base(unsigned char, unsigned int, unsigned char const*, unsigned int*)
0010e89c 0000005c t base_of_encoded_value(unsigned char, _Unwind_Context*)
0010e8f8 000000f0 t parse_lsda_header(_Unwind_Context*, unsigned char const*, lsda_header_info*)
0010e9e8 000006c8 T __gxx_personality_v0
0010f0b0 00000014 T __cxxabiv1::__terminate(void (*)())
0010f0c4 00000018 T std::terminate()
0010f0dc 0000000c T __cxxabiv1::__unexpected(void (*)())
0010f0e8 00000018 T std::unexpected()
0010f100 00000014 T std::get_terminate()
0010f114 00000014 T std::get_unexpected()
0010f128 00000070 t __gxx_exception_cleanup(_Unwind_Reason_Code, _Unwind_Control_Block*)
0010f198 00000054 T __cxa_init_primary_exception
0010f1ec 00000054 T __cxa_throw
0010f240 000000b0 T __cxa_rethrow
0010f2f0 00000014 T std::get_new_handler()
0010f304 00000020 T __cxxabiv1::__si_class_type_info::~__si_class_type_info()
0010f304 00000020 T __cxxabiv1::__si_class_type_info::~__si_class_type_info()
0010f324 0000002c T __cxxabiv1::__si_class_type_info::~__si_class_type_info()
0010f350 00000140 T __cxxabiv1::__si_class_type_info::__do_dyncast(int, __cxxabiv1::__class_type_info::__sub_kind, __cxxabiv1::__class_type_info const*, void const*, __cxxabiv1::__class_type_info const*, void const*, __cxxabiv1::__class_type_info::__dyncast_result&) const
0010f490 00000088 T __cxxabiv1::__si_class_type_info::__do_find_public_src(int, void const*, __cxxabiv1::__class_type_info const*, void const*) const
0010f518 00000044 T __cxxabiv1::__si_class_type_info::__do_upcast(__cxxabiv1::__class_type_info const*, void const*, __cxxabiv1::__class_type_info::__upcast_result&) const
0010f55c 00000004 T std::type_info::~type_info()
0010f55c 00000004 T std::type_info::~type_info()
0010f560 00000008 T std::type_info::__is_pointer_p() const
0010f560 00000008 T std::type_info::__is_function_p() const
0010f568 00000008 T std::logic_error::what() const
0010f568 00000008 T std::runtime_error::what() const
0010f570 00000098 T std::logic_error::~logic_error()
0010f570 00000098 T std::logic_error::~logic_error()
0010f608 00000098 T std::length_error::~length_error()
0010f608 00000098 T std::length_error::~length_error()
0010f6a0 00000098 T std::out_of_range::~out_of_range()
0010f6a0 00000098 T std::out_of_range::~out_of_range()
0010f738 000000a0 T std::logic_error::~logic_error()
0010f7d8 000000a0 T std::length_error::~length_error()
0010f878 000000a0 T std::out_of_range::~out_of_range()
0010f918 000000d8 T std::logic_error::logic_error(char const*)
0010f918 000000d8 T std::logic_error::logic_error(char const*)
0010f9f0 00000020 T std::length_error::length_error(char const*)
0010f9f0 00000020 T std::length_error::length_error(char const*)
0010fa10 00000020 T std::out_of_range::out_of_range(char const*)
0010fa10 00000020 T std::out_of_range::out_of_range(char const*)
0010fa30 00000088 W std::string::_Rep::_S_create(unsigned int, unsigned int, std::allocator<char> const&)
0010fab8 00000004 W std::string::_Rep::_M_destroy(std::allocator<char> const&)
0010fabc 0000005c T __cxxabiv1::__class_type_info::__do_upcast(__cxxabiv1::__class_type_info const*, void**) const
0010fb18 00000014 T __cxxabiv1::__class_type_info::__do_find_public_src(int, void const*, __cxxabiv1::__class_type_info const*, void const*) const
0010fb2c 00000020 T __cxxabiv1::__class_type_info::~__class_type_info()
0010fb2c 00000020 T __cxxabiv1::__class_type_info::~__class_type_info()
0010fb4c 0000002c T __cxxabiv1::__class_type_info::~__class_type_info()
0010fb78 00000070 T __cxxabiv1::__class_type_info::__do_upcast(__cxxabiv1::__class_type_info const*, void const*, __cxxabiv1::__class_type_info::__upcast_result&) const
0010fbe8 00000090 T __cxxabiv1::__class_type_info::__do_catch(std::type_info const*, void**, unsigned int) const
0010fc78 000000f8 T __cxxabiv1::__class_type_info::__do_dyncast(int, __cxxabiv1::__class_type_info::__sub_kind, __cxxabiv1::__class_type_info const*, void const*, __cxxabiv1::__class_type_info const*, void const*, __cxxabiv1::__class_type_info::__dyncast_result&) const
0010fd70 00000070 t __cxxabiv1::__is_gxx_exception_class(char*)
0010fde0 0000002c T __cxa_call_terminate
0010fe0c 00000148 T __cxa_call_unexpected
0010ff58 000000b0 T sin
00110008 00000310 T __ieee754_rem_pio2
00110318 000008b0 T __kernel_rem_pio2
00110bc8 00000140 T scalbn
00110d08 000000c0 T __kernel_sin
00110dc8 00000144 T floor
00110f10 00000150 T __kernel_cos
00111060 00000014 T fabs
00111074 00000130 T __udivmoddi4
001111a4 00000018 t selfrel_offset31
001111bc 00000090 t search_EIT_table
0011124c 00000040 t __gnu_unwind_get_pr_addr
0011128c 00000110 t get_eit_entry
0011139c 00000088 t restore_non_core_regs
00111424 00000014 t _Unwind_decode_typeinfo_ptr.constprop.0
00111438 00000004 t _Unwind_DebugHook
0011143c 00000064 t unwind_phase2
001114a0 0000013c t unwind_phase2_forced
001115dc 000000a4 T __gnu_Unwind_RaiseException
00111680 00000020 T __gnu_Unwind_ForcedUnwind
001116a0 00000074 T __gnu_Unwind_Resume
00111714 00000020 T __gnu_Unwind_Resume_or_Rethrow
00111734 00000004 T _Unwind_Complete
00111738 00000018 T _Unwind_DeleteException
00111750 00000064 T _Unwind_VRS_Get
001117b4 0000002c t _Unwind_GetGR
001117e0 00000064 T _Unwind_VRS_Set
00111844 0000002c t _Unwind_SetGR
00111870 000000c0 T __gnu_Unwind_Backtrace
00111930 0000040c t __gnu_unwind_pr_common
00111d3c 00000008 T __aeabi_unwind_cpp_pr0
00111d44 00000008 W __aeabi_unwind_cpp_pr1
00111d4c 00000008 W __aeabi_unwind_cpp_pr2
00111d54 00000458 T _Unwind_VRS_Pop
001121ac 00000064 t next_unwind_byte
00112210 0000002c t _Unwind_GetGR.constprop.0
0011223c 00000004 t unwind_UCB_from_context
00112240 00000464 T __gnu_unwind_execute
001126a4 00000048 T __gnu_unwind_frame
001126ec 00000010 T _Unwind_GetRegionStart
001126fc 0000001c T _Unwind_GetLanguageSpecificData
00112718 00000008 T _Unwind_GetDataRelBase
00112720 00000008 T _Unwind_GetTextRelBase
00112728 000000d8 T strncmp
00112800 00000140 T strchr
00112940 00000024 T getenv
00112964 0000016c T memmove
00112ad0 0000008c T strlen
00112b5c 000000d8 T memcmp
00112c34 0000001c t stdio_exit_handler
00112c50 0000005c t cleanup_stdio
00112cac 00000154 t global_stdio_init.part.0
00112e00 0000005c T __sinit
00112e5c 0000000c T __sfp_lock_acquire
00112e68 0000000c T __sfp_lock_release
00112e74 000001ec t _strtoul_l.isra.0
00113060 0000003c T strtoul
0011309c 00000084 T __libc_init_array
00113120 0000009c T strncat
001131bc 00000070 T _fwalk_sglue
0011322c 00000078 T bsearch
001132a4 0000000c T __errno
001132b0 00000014 T abort
001132c4 000000e0 T _puts_r
001133a4 00000020 T puts
001133c4 00000028 T memalign
001133ec 0000082c T _malloc_r
00113c18 000000e8 T memchr
00113d00 00000114 T _malloc_trim_r
00113e14 00000314 T _free_r
00114128 00000034 T printf
0011415c 0000003c T strnlen
00114198 00000040 T malloc
001141d8 00000020 T free
001141f8 0000022c T __sflush_r
00114424 000000c4 T _fflush_r
001144e8 000000dc T _findenv_r
001145c4 000000e4 T memset
001146a8 0000000c T __malloc_lock
001146b4 0000000c T __malloc_unlock
001146c0 00000004 W __call_exitprocs
001146c4 00000030 T exit
001146f4 00000294 T setvbuf
00114988 000000d4 T strncpy
00114a5c 0000012c T memcpy
00114b88 000004a4 T __sfvwrite_r
0011502c 00000044 T __sread
00115070 00000068 T __swrite
001150d8 00000040 T __sseek
00115118 00000008 T __sclose
00115120 0000009c T _raise_r
001151bc 00000020 T raise
001151dc 0000000c T __env_lock
001151e8 0000000c T __env_unlock
001151f4 00000144 T _fclose_r
00115338 0000016c T _memalign_r
001154a4 000005e0 t get_arg
00115a88 00003554 T _vfprintf_r
00118fdc 000000b4 t __sbprintf
00119090 000001c0 t quorem
00119250 000013f0 T _dtoa_r
0011a640 000000a0 T _wcrtomb_r
0011a6e0 0000003c T __libc_fini_array
0011a71c 00000164 T __smakebuf_r
0011a880 00000090 T __swhatbuf_r
0011a910 000004f0 T _realloc_r
0011ae00 00000028 T _wcsrtombs_r
0011ae28 00000140 T __swsetup_r
0011af68 00000088 T frexp
0011aff0 0000005c T __assert_func
0011b04c 00000088 T _Balloc
0011b0d4 0000001c T _Bfree
0011b0f0 000000f4 T __multadd
0011b1e4 00000080 T __hi0bits
0011b264 000000f0 T __lo0bits
0011b354 000000a4 T __i2b
0011b3f8 00000230 T __multiply
0011b628 00000130 T __pow5mult
0011b758 00000138 T __lshift
0011b890 00000058 T __mcmp
0011b8e8 00000218 T __mdiff
0011bb00 00000120 T __d2b
0011bc20 00000024 T __locale_mb_cur_max
0011bc44 0000003c T fiprintf
0011bc80 0000015c T _wcsnrtombs_l
0011bddc 00000064 T _wcsnrtombs_r
0011be40 00000340 T __utf8_mbtowc
0011c180 00000030 T __sprint_r
0011c1b0 00000024 T _localeconv_r
0011c1d4 000000d8 T _calloc_r
0011c2ac 000000f8 T __utf8_wctomb
0011c3a4 000005e0 t get_arg
0011c984 000022f8 T _vfiprintf_r
0011ec7c 000000b4 t __sbprintf
0011ed30 00000020 T _exit
0011ed50 00000140 T chdir
0011ee90 000001c8 T _concatenate_path
0011f058 00000070 t __dirnext
0011f0c8 00000114 T opendir
0011f1dc 00000098 T closedir
0011f274 000000f8 T readdir_r
0011f36c 00000048 T readdir
0011f3b4 0000009c T _fstat_r
0011f450 00000014 T _getpid_r
0011f464 0000002c T __getreent
0011f490 00000058 T __get_handle
0011f4e8 00000110 T _close_r
0011f5f8 00000008 t null_write
0011f600 00000018 T setDefaultDevice
0011f618 000000c4 T FindDevice
0011f6dc 00000028 T RemoveDevice
0011f704 00000098 T AddDevice
0011f79c 00000020 T GetDeviceOpTab
0011f7bc 00000008 T _isatty_r
0011f7c4 00000014 T _kill_r
0011f7d8 00000094 T _lseek_r
0011f86c 00000094 T _read_r
0011f900 00000078 W _sbrk_r
0011f978 0000001c T __libc_lock_acquire
0011f994 0000001c T __libc_lock_release
0011f9b0 0000001c T __libc_lock_acquire_recursive
0011f9cc 0000001c T __libc_lock_release_recursive
0011f9e8 00000094 T _write_r
0011fa7c 00000048 T strrchr
0011fac4 T _fini
001200a4 r .LC8
00120334 r .LC2
001205c8 00000080 r dotab_stdout
00120648 00000018 r grayScale
00120660 00000006 r colorCube
00120668 00000030 r colorTable
00120698 00000011 r dsp_filename.0
001206c8 00000008 r morton_y.2
001206d0 00000008 r morton_x.3
001206d8 00000008 r s_sleepWakeEvents.4
001206e0 0000000c r serviceNameTable.5
001206ec R default_font_bin
00120eec R default_font_bin_end
00120eec 00000030 r error_table
00120f1c 00000080 r archive_devoptab
00120f9c 0000000d R typeinfo name for std::bad_alloc
00120fac 0000000c R typeinfo for std::bad_alloc
00120fb8 00000014 R vtable for std::bad_alloc
00120fcc 00000027 V typeinfo name for __gnu_cxx::__concurrence_lock_error
00120ff4 0000000c V typeinfo for __gnu_cxx::__concurrence_lock_error
00121000 00000029 V typeinfo name for __gnu_cxx::__concurrence_unlock_error
0012102c 0000000c V typeinfo for __gnu_cxx::__concurrence_unlock_error
00121038 00000014 V vtable for __gnu_cxx::__concurrence_lock_error
0012104c 00000014 V vtable for __gnu_cxx::__concurrence_unlock_error
00121060 0000000d R typeinfo name for std::exception
00121070 00000008 R typeinfo for std::exception
00121078 00000012 R typeinfo name for std::bad_exception
0012108c 0000000c R typeinfo for std::bad_exception
00121098 00000020 R typeinfo name for __cxxabiv1::__forced_unwind
001210b8 00000008 R typeinfo for __cxxabiv1::__forced_unwind
001210c0 00000024 R typeinfo name for __cxxabiv1::__foreign_exception
001210e4 00000008 R typeinfo for __cxxabiv1::__foreign_exception
001210ec 00000014 R vtable for std::bad_exception
00121114 00000025 R typeinfo name for __cxxabiv1::__si_class_type_info
0012113c 0000000c R typeinfo for __cxxabiv1::__si_class_type_info
00121148 0000002c R vtable for __cxxabiv1::__si_class_type_info
00121174 0000000d R typeinfo name for std::type_info
00121184 00000008 R typeinfo for std::type_info
0012118c 00000010 R typeinfo name for std::logic_error
0012119c 0000000c R typeinfo for std::logic_error
001211a8 00000011 R typeinfo name for std::length_error
001211bc 0000000c R typeinfo for std::length_error
001211c8 00000011 R typeinfo name for std::out_of_range
001211dc 0000000c R typeinfo for std::out_of_range
001211e8 00000014 R vtable for std::logic_error
001211fc 00000014 R vtable for std::length_error
00121210 00000014 R vtable for std::out_of_range
00121224 00000022 R typeinfo name for __cxxabiv1::__class_type_info
00121248 0000000c R typeinfo for __cxxabiv1::__class_type_info
00121254 0000002c R vtable for __cxxabiv1::__class_type_info
00121280 00000080 r npio2_hw
00121300 00000108 r two_over_pi
00121408 00000040 r PIo2
00121448 00000010 r init_jk
00121470 00000101 R _ctype_
00121698 00000010 r zeroes.0
001216a8 00000010 r blanks.1
001216c0 0000006c R __action_table
0012172c 0000006c R __state_table
00121798 00000100 R __chclass
00121898 0000000c r p05.0
001218a8 00000028 R __mprec_bigtens
001218d0 000000c8 R __mprec_tens
00121a84 00000010 r zeroes.0
00121a94 00000010 r blanks.1
00121aa4 00000080 R dotab_stdnull
00121b24 R __tdata_align
00121b28 r __EH_FRAME_BEGIN__
00121c28 R __exidx_start
00121e70 R __exidx_end
00122000 00000001 d firstConsoleInit.0
00122004 00000004 D currentConsole
00122008 00000048 D defaultConsole
00122050 00000004 d aptChainloadDeliverArgSize
00122054 00000004 d kCount
00122058 00000004 d kInterval
0012205c 00000004 d kDelay
00122060 W __stacksize__
00122064 00000004 D __cxxabiv1::__unexpected_handler
00122068 00000004 D __cxxabiv1::__terminate_handler
0012206c 0000000c D __sglue
00122078 00000004 D __malloc_sbrk_base
0012207c 00000004 D __malloc_trim_threshold
00122080 00000408 D __malloc_av_
00122488 00000004 D _impure_ptr
00122490 00000140 D _impure_data
001225d0 00000004 D environ
001225d4 0000016c D __global_locale
00122740 00000400 d _current_working_directory
00122b40 00001000 d handles
00123b40 0000000c d __stderr_handle
00123b4c 0000000c d __stdout_handle
00123b58 0000000c d __stdin_handle
00123b64 0000008c D devoptab_list
00123bf0 00000004 d defaultDevice
00123bfc d _GLOBAL_OFFSET_TABLE_
00123c08 d __frame_dummy_init_array_entry
00123c08 D __init_array_start
00123c08 B __preinit_array_end
00123c08 B __preinit_array_start
00123c08 D __tdata_lma
00123c08 D __tdata_lma_end
00123c14 d __do_global_dtors_aux_fini_array_entry
00123c14 D __fini_array_start
00123c14 D __init_array_end
00123c1c D __bss_start__
00123c1c D __fini_array_end
00123c1c b completed.1
00123c20 b object.0
00123c38 00000008 b sLinearPool
00123c40 0000000c b sAddrMap
00123c4c 00000064 b escapeSeq
00123cb0 00000048 B currentCopy
00123cf8 00000004 b screenAlloc
00123cfc 00000004 b screenFree
00123d00 00000002 b gfxIsDoubleBuf
00123d04 00000002 b gfxCurBuf
00123d06 00000001 b gfxIsVram
00123d07 00000001 b gfxTopMode
00123d08 00000002 b gfxFramebufferFormats
00123d0c 00000004 b gfxBottomFramebufferMaxSize
00123d10 00000004 b gfxTopFramebufferMaxSize
00123d18 00000008 b gfxBottomFramebuffers
00123d20 00000008 b gfxTopFramebuffers
00123d28 00000004 b ndspRefCount
00123d2c 00000048 b ndspMaster
00123d74 00000004 b ndspThread
00123d78 00000001 b ndspThreadRun
00123d7c 00001080 b dspVar5Backup
00124dfc 00000004 b ndspMutex
00124e00 00000008 b sleepEvent
00124e08 00000004 b dspSem
00124e0c 00000004 b irqEvent
00124e10 00000008 b ndspHookCookie
00124e18 00000001 b componentFree
00124e1a 00000002 b componentDataMask
00124e1c 00000002 b componentProgMask
00124e20 00000004 b componentSize
00124e24 00000004 b componentBin
00124e28 00000004 b frameCount
00124e2c 00000004 b droppedFrames
00124e30 00000001 b bCancelReceived
00124e31 00000001 b bSleeping
00124e32 00000001 b bEnteringSleep
00124e33 00000001 b bDspReady
00124e34 00000080 B ndspVars
00124eb4 00000002 B ndspBufferId
00124eb6 00000002 B ndspBufferCurId
00124eb8 00000002 B ndspFrameId
00124ec0 00000c60 b ndspChn
00125b20 00000001 b flagValue.0
00125b21 00000001 b flagInit.1
00125b24 00000004 b serviceName.6
00125b28 00000001 b aptChainloadFlags
00125b29 00000001 b aptChainloadMediatype
00125b2c 00000020 b aptChainloadHmac
00125b4c 00000300 b aptChainloadDeliverArg
00125e50 00000008 b aptChainloadTid
00125e58 00001000 b aptParameters
00126e58 00000004 b aptFlags
00126e5c 00000001 b aptHomeButtonState
00126e60 00000004 b aptMessageFuncData
00126e64 00000004 b aptMessageFunc
00126e68 0000000c b aptFirstHook
00126e74 00000001 b aptEventHandlerThreadQuit
00126e78 00000004 b aptEventHandlerThread
00126e7c 00000008 b aptSleepEvent
00126e84 00000008 b aptReceiveEvent
00126e8c 00000008 b aptEvents
00126e94 00000004 b aptLockHandle
00126e98 00000004 b aptRefCount
00126e9c 00000004 b cfguRefCount
00126ea0 00000004 b cfguHandle
00126ea4 00000002 b dspSavedCompDataMask
00126ea6 00000002 b dspSavedCompProgMask
00126ea8 00000004 b dspSavedCompSize
00126eac 00000004 b dspSavedCompBin
00126eb0 00000001 b dspSleeping
00126eb1 00000001 b dspComponentLoaded
00126eb4 00000008 b dspFirstHook
00126ebc 00000004 b dspRefCount
00126ec0 00000004 b dspHandle
00126ec8 00000080 b fsExemptArchives
00126f48 00000004 b fsuRefCount
00126f4c 00000004 b fsuHandle
00126f50 00000007 b gspEventCbOneShot
00126f58 0000001c b gspEventCbData
00126f74 0000001c b gspEventCb
00126f90 00000038 b gspEvents
00126fc8 00000004 b gspLastEvent
00126fcc 00000001 b gspRunEvents
00126fd0 00000004 b gspEventThread
00126fd4 00000004 b gspEvent
00126fd8 00000001 b gspGpuRight
00126fd9 00000001 b gspThreadId
00126fdc 00000004 b gspSharedMem
00126fe0 00000004 b gspSharedMemHandle
00126fe4 00000004 b gspRefCount
00126fe8 00000004 b gspGpuHandle
00126fec 00000001 b usingIrrst
00126ff0 00000004 b hidRefCount
00126ff4 00000006 b gRate
00126ffc 00000006 b aVec
00127004 00000004 b cPos
00127008 00000004 b tPos
0012700c 00000004 b kRepeat
00127010 00000004 b kUp
00127014 00000004 b kDown
00127018 00000004 b kHeld
0012701c 00000004 b kOld
00127020 00000004 B hidSharedMem
00127024 00000014 B hidEvents
00127038 00000004 B hidMemHandle
0012703c 00000004 B hidHandle
00127040 00000004 b irrstRefCount
00127044 00000004 b csPos
00127048 00000004 b kHeld
0012704c 00000004 B irrstSharedMem
00127050 00000004 B irrstEvent
00127054 00000004 B irrstMemHandle
00127058 00000004 B irrstHandle
0012705c 00000004 V __ctru_linear_heap_size
00127060 00000004 V __ctru_heap_size
00127064 00000004 B __ctru_linear_heap
00127068 00000004 B __ctru_heap
0012706c 00000004 B __system_retAddr
00127070 00000004 B __system_argv
00127074 00000004 B __system_argc
00127078 b saved_stack
00127080 00000008 b sVramPoolB
00127088 00000008 b sVramPoolA
00127090 0000000c b sAddrMap
0012709c 00000004 B __3dslink_host
001270a0 00000001 V __ctru_speedup
001270a4 00000004 b srvRefCount
001270a8 00000004 b srvHandle
001270ac 00000004 b arbiter
001270b0 00000004 b currentAddr
001270b4 00000004 b maxAddr
001270b8 00000004 b minAddr
001270bc 00000004 b ptmSysmRefCount
001270c0 00000004 b ptmSysmHandle
001270c4 00000004 b srvPmHandle
001270c8 000005c0 b archive_devices
00127688 00000004 b archive_device_cwd
0012768c 00000001 b archive_initialized
00127690 0000001c b (anonymous namespace)::emergency_pool
001276ac 00000004 b init
001276b0 00000001 B __eh_globals_init::_S_init
001276b4 0000000c b (anonymous namespace)::eh_globals
001276c0 00000004 b (anonymous namespace)::__new_handler
001276c4 00000010 V std::string::_Rep::_S_empty_rep_storage
001276d4 0000000c b __sfp_recursive_mutex
001276e0 00000168 B __sf
00127848 00000004 B __stdio_exit_handler
0012784c 00000028 B __malloc_current_mallinfo
00127874 00000004 B __malloc_max_total_mem
00127878 00000004 B __malloc_max_sbrked_mem
0012787c 00000004 B __malloc_top_pad
00127880 0000000c b __malloc_recursive_mutex
0012788c 0000000c b __env_recursive_mutex
00127898 00000004 b initial_env
0012789c 00000400 b temp_cwd
00127c9c 00000004 b __hndl_lock
00127ca0 00000004 B fake_heap_start
00127ca4 00000004 B fake_heap_end
00127ca8 00000004 b heap_start.0
00127cac B __tls_start
001288b4 B __bss_end__
001288b4 A __end__
001288b4 B __tls_end
